

================================================================
== Vivado HLS Report for 'exec_1'
================================================================
* Date:           Tue Nov  9 10:54:10 2021

* Version:        2019.2.1 (Build 2724168 on Thu Dec 05 05:19:09 MST 2019)
* Project:        proj_fir
* Solution:       solution1
* Product family: virtexuplus
* Target device:  xcvu9p-flga2104-2-i


================================================================
== Performance Estimates
================================================================
+ Timing: 
    * Summary: 
    +--------+---------+----------+------------+
    |  Clock |  Target | Estimated| Uncertainty|
    +--------+---------+----------+------------+
    |ap_clk  | 3.00 ns | 2.291 ns |   0.38 ns  |
    +--------+---------+----------+------------+

+ Latency: 
    * Summary: 
    +---------+---------+----------+----------+-----+-----+----------+
    |  Latency (cycles) |  Latency (absolute) |  Interval | Pipeline |
    |   min   |   max   |    min   |    max   | min | max |   Type   |
    +---------+---------+----------+----------+-----+-----+----------+
    |        1|        1| 3.000 ns | 3.000 ns |    2|    2| function |
    +---------+---------+----------+----------+-----+-----+----------+

    + Detail: 
        * Instance: 
        N/A

        * Loop: 
        N/A



================================================================
== Utilization Estimates
================================================================
* Summary: 
+---------------------+---------+-------+---------+---------+-----+
|         Name        | BRAM_18K| DSP48E|    FF   |   LUT   | URAM|
+---------------------+---------+-------+---------+---------+-----+
|DSP                  |        -|      -|        -|        -|    -|
|Expression           |        -|      -|        -|        -|    -|
|FIFO                 |        -|      -|        -|        -|    -|
|Instance             |        -|      3|      165|       49|    -|
|Memory               |        -|      -|        -|        -|    -|
|Multiplexer          |        -|      -|        -|       24|    -|
|Register             |        -|      -|      162|        -|    -|
+---------------------+---------+-------+---------+---------+-----+
|Total                |        0|      3|      327|       73|    0|
+---------------------+---------+-------+---------+---------+-----+
|Available SLR        |     1440|   2280|   788160|   394080|  320|
+---------------------+---------+-------+---------+---------+-----+
|Utilization SLR (%)  |        0|   ~0  |    ~0   |    ~0   |    0|
+---------------------+---------+-------+---------+---------+-----+
|Available            |     4320|   6840|  2364480|  1182240|  960|
+---------------------+---------+-------+---------+---------+-----+
|Utilization (%)      |        0|   ~0  |    ~0   |    ~0   |    0|
+---------------------+---------+-------+---------+---------+-----+

+ Detail: 
    * Instance: 
    +-------------------------+----------------------+---------+-------+-----+----+-----+
    |         Instance        |        Module        | BRAM_18K| DSP48E|  FF | LUT| URAM|
    +-------------------------+----------------------+---------+-------+-----+----+-----+
    |fir_mul_32s_32s_3bkb_U1  |fir_mul_32s_32s_3bkb  |        0|      3|  165|  49|    0|
    +-------------------------+----------------------+---------+-------+-----+----+-----+
    |Total                    |                      |        0|      3|  165|  49|    0|
    +-------------------------+----------------------+---------+-------+-----+----+-----+

    * DSP48E: 
    N/A

    * Memory: 
    N/A

    * FIFO: 
    N/A

    * Expression: 
    N/A

    * Multiplexer: 
    +--------------------+----+-----------+-----+-----------+
    |        Name        | LUT| Input Size| Bits| Total Bits|
    +--------------------+----+-----------+-----+-----------+
    |ap_NS_fsm           |  15|          3|    1|          3|
    |x_in_V_TDATA_blk_n  |   9|          2|    1|          2|
    +--------------------+----+-----------+-----+-----------+
    |Total               |  24|          5|    2|          5|
    +--------------------+----+-----------+-----+-----------+

    * Register: 
    +-----------------------+----+----+-----+-----------+
    |          Name         | FF | LUT| Bits| Const Bits|
    +-----------------------+----+----+-----+-----------+
    |ap_CS_fsm              |   2|   0|    2|          0|
    |s_x1_V_0               |  32|   0|   32|          0|
    |s_x1_V_0_load_reg_102  |  32|   0|   32|          0|
    |s_x_V_0                |  32|   0|   32|          0|
    |s_y0_V_0               |  32|   0|   32|          0|
    |s_y1_V_0               |  32|   0|   32|          0|
    +-----------------------+----+----+-----+-----------+
    |Total                  | 162|   0|  162|          0|
    +-----------------------+----+----+-----+-----------+



================================================================
== Interface
================================================================
* Summary: 
+--------------------+-----+-----+------------+--------------+--------------+
|      RTL Ports     | Dir | Bits|  Protocol  | Source Object|    C Type    |
+--------------------+-----+-----+------------+--------------+--------------+
|ap_clk              |  in |    1| ap_ctrl_hs |    exec.1    | return value |
|ap_rst              |  in |    1| ap_ctrl_hs |    exec.1    | return value |
|ap_start            |  in |    1| ap_ctrl_hs |    exec.1    | return value |
|ap_done             | out |    1| ap_ctrl_hs |    exec.1    | return value |
|ap_idle             | out |    1| ap_ctrl_hs |    exec.1    | return value |
|ap_ready            | out |    1| ap_ctrl_hs |    exec.1    | return value |
|ap_return_0         | out |   32| ap_ctrl_hs |    exec.1    | return value |
|ap_return_1         | out |   32| ap_ctrl_hs |    exec.1    | return value |
|x_in_V_TDATA_blk_n  | out |    1| ap_ctrl_hs |    exec.1    | return value |
|ap_ce               |  in |    1| ap_ctrl_hs |    exec.1    | return value |
|x_in_V_TDATA        |  in |   32|    axis    |    x_in_V    |    pointer   |
|x_in_V_TVALID       |  in |    1|    axis    |    x_in_V    |    pointer   |
|x_in_V_TREADY       | out |    1|    axis    |    x_in_V    |    pointer   |
|h_0_V_read          |  in |   32|   ap_none  |  h_0_V_read  |    scalar    |
+--------------------+-----+-----+------------+--------------+--------------+

