

================================================================
== Vivado HLS Report for 'exec'
================================================================
* Date:           Mon Jan 31 15:13:31 2022

* Version:        2019.2.1 (Build 2724168 on Thu Dec 05 05:19:09 MST 2019)
* Project:        proj_fir_128_mdc
* Solution:       solution1
* Product family: zynquplus
* Target device:  xczu9eg-ffvb1156-2-e


================================================================
== Performance Estimates
================================================================
+ Timing: 
    * Summary: 
    +--------+---------+----------+------------+
    |  Clock |  Target | Estimated| Uncertainty|
    +--------+---------+----------+------------+
    |ap_clk  | 3.00 ns | 2.365 ns |   0.38 ns  |
    +--------+---------+----------+------------+

+ Latency: 
    * Summary: 
    +---------+---------+----------+----------+-----+-----+----------+
    |  Latency (cycles) |  Latency (absolute) |  Interval | Pipeline |
    |   min   |   max   |    min   |    max   | min | max |   Type   |
    +---------+---------+----------+----------+-----+-----+----------+
    |        1|        1| 3.000 ns | 3.000 ns |    1|    1| function |
    +---------+---------+----------+----------+-----+-----+----------+

    + Detail: 
        * Instance: 
        N/A

        * Loop: 
        N/A



================================================================
== Utilization Estimates
================================================================
* Summary: 
+-----------------+---------+-------+--------+--------+-----+
|       Name      | BRAM_18K| DSP48E|   FF   |   LUT  | URAM|
+-----------------+---------+-------+--------+--------+-----+
|DSP              |        -|      -|       -|       -|    -|
|Expression       |        -|      -|       0|      39|    -|
|FIFO             |        -|      -|       -|       -|    -|
|Instance         |        -|      2|     165|      49|    -|
|Memory           |        -|      -|       -|       -|    -|
|Multiplexer      |        -|      -|       -|      54|    -|
|Register         |        -|      -|     353|       -|    -|
+-----------------+---------+-------+--------+--------+-----+
|Total            |        0|      2|     518|     142|    0|
+-----------------+---------+-------+--------+--------+-----+
|Available        |     1824|   2520|  548160|  274080|    0|
+-----------------+---------+-------+--------+--------+-----+
|Utilization (%)  |        0|   ~0  |   ~0   |   ~0   |    0|
+-----------------+---------+-------+--------+--------+-----+

+ Detail: 
    * Instance: 
    +-------------------------+----------------------+---------+-------+-----+----+-----+
    |         Instance        |        Module        | BRAM_18K| DSP48E|  FF | LUT| URAM|
    +-------------------------+----------------------+---------+-------+-----+----+-----+
    |fir_128_mdc_mul_5bkb_U1  |fir_128_mdc_mul_5bkb  |        0|      2|  165|  49|    0|
    +-------------------------+----------------------+---------+-------+-----+----+-----+
    |Total                    |                      |        0|      2|  165|  49|    0|
    +-------------------------+----------------------+---------+-------+-----+----+-----+

    * DSP48E: 
    N/A

    * Memory: 
    N/A

    * FIFO: 
    N/A

    * Expression: 
    +-------------------+----------+-------+---+----+------------+------------+
    |   Variable Name   | Operation| DSP48E| FF| LUT| Bitwidth P0| Bitwidth P1|
    +-------------------+----------+-------+---+----+------------+------------+
    |add_ln68_fu_66_p2  |     +    |      0|  0|  39|          32|          32|
    +-------------------+----------+-------+---+----+------------+------------+
    |Total              |          |      0|  0|  39|          32|          32|
    +-------------------+----------+-------+---+----+------------+------------+

    * Multiplexer: 
    +-------------+----+-----------+-----+-----------+
    |     Name    | LUT| Input Size| Bits| Total Bits|
    +-------------+----+-----------+-----+-----------+
    |ap_return_0  |   9|          2|   32|         64|
    |ap_return_1  |   9|          2|   32|         64|
    |ap_return_2  |   9|          2|   32|         64|
    |ap_return_3  |   9|          2|   32|         64|
    |ap_return_4  |   9|          2|   32|         64|
    |ap_return_5  |   9|          2|   32|         64|
    +-------------+----+-----------+-----+-----------+
    |Total        |  54|         12|  192|        384|
    +-------------+----+-----------+-----+-----------+

    * Register: 
    +----------------------------+----+----+-----+-----------+
    |            Name            | FF | LUT| Bits| Const Bits|
    +----------------------------+----+----+-----+-----------+
    |add_ln68_reg_135            |  32|   0|   32|          0|
    |ap_ce_reg                   |   1|   0|    1|          0|
    |ap_return_0_int_reg         |  32|   0|   32|          0|
    |ap_return_1_int_reg         |  32|   0|   32|          0|
    |ap_return_2_int_reg         |  32|   0|   32|          0|
    |ap_return_3_int_reg         |  32|   0|   32|          0|
    |ap_return_4_int_reg         |  32|   0|   32|          0|
    |ap_return_5_int_reg         |  32|   0|   32|          0|
    |systolic_x1_V_read_reg_119  |  32|   0|   32|          0|
    |systolic_x_V_read_reg_125   |  32|   0|   32|          0|
    |systolic_y1_V_read_reg_114  |  32|   0|   32|          0|
    |x_in_V_read_1_reg_109       |  32|   0|   32|          0|
    +----------------------------+----+----+-----+-----------+
    |Total                       | 353|   0|  353|          0|
    +----------------------------+----+----+-----+-----------+



================================================================
== Interface
================================================================
* Summary: 
+--------------------------------------------------+-----+-----+------------+--------------------------------------------------+--------------+
|                     RTL Ports                    | Dir | Bits|  Protocol  |                   Source Object                  |    C Type    |
+--------------------------------------------------+-----+-----+------------+--------------------------------------------------+--------------+
|ap_clk                                            |  in |    1| ap_ctrl_hs |                       exec                       | return value |
|ap_rst                                            |  in |    1| ap_ctrl_hs |                       exec                       | return value |
|ap_return_0                                       | out |   32| ap_ctrl_hs |                       exec                       | return value |
|ap_return_1                                       | out |   32| ap_ctrl_hs |                       exec                       | return value |
|ap_return_2                                       | out |   32| ap_ctrl_hs |                       exec                       | return value |
|ap_return_3                                       | out |   32| ap_ctrl_hs |                       exec                       | return value |
|ap_return_4                                       | out |   32| ap_ctrl_hs |                       exec                       | return value |
|ap_return_5                                       | out |   32| ap_ctrl_hs |                       exec                       | return value |
|ap_ce                                             |  in |    1| ap_ctrl_hs |                       exec                       | return value |
|systolic_ap_int_32_ap_int_32_ap_int_32_x_V_read   |  in |   32|   ap_none  |  systolic_ap_int_32_ap_int_32_ap_int_32_x_V_read |    scalar    |
|systolic_ap_int_32_ap_int_32_ap_int_32_x1_V_read  |  in |   32|   ap_none  | systolic_ap_int_32_ap_int_32_ap_int_32_x1_V_read |    scalar    |
|systolic_ap_int_32_ap_int_32_ap_int_32_y0_V_read  |  in |   32|   ap_none  | systolic_ap_int_32_ap_int_32_ap_int_32_y0_V_read |    scalar    |
|systolic_ap_int_32_ap_int_32_ap_int_32_y1_V_read  |  in |   32|   ap_none  | systolic_ap_int_32_ap_int_32_ap_int_32_y1_V_read |    scalar    |
|x_in_V_read                                       |  in |   32|   ap_none  |                    x_in_V_read                   |    scalar    |
|h_V_read                                          |  in |    5|   ap_none  |                     h_V_read                     |    scalar    |
|y_in_V_read                                       |  in |   32|   ap_none  |                    y_in_V_read                   |    scalar    |
+--------------------------------------------------+-----+-----+------------+--------------------------------------------------+--------------+

