hwpe_stream_interfaces.sv
hwpe_stream_package.sv
hwpe_stream_assign.sv
hwpe_stream_buffer.sv
hwpe_stream_demux_static.sv
hwpe_stream_deserialize.sv
hwpe_stream_fence.sv
hwpe_stream_merge.sv
hwpe_stream_mux_static.sv
hwpe_stream_serialize.sv
hwpe_stream_split.sv
hwpe_stream_fifo_ctrl.sv
hwpe_stream_fifo_earlystall_sidech.sv
hwpe_stream_fifo_earlystall.sv
hwpe_stream_fifo_scm.sv
hwpe_stream_fifo_scm_test_wrap.sv
hwpe_stream_fifo_sidech.sv
hwpe_stream_fifo.sv
hwpe_stream_addressgen.sv
hwpe_stream_addressgen_v2.sv
hwpe_stream_addressgen_v3.sv
hwpe_stream_sink_realign.sv
hwpe_stream_sink.sv
hwpe_stream_source_realign.sv
hwpe_stream_source.sv
hwpe_stream_strbgen.sv
hwpe_stream_streamer_queue.sv
hwpe_stream_tcdm_assign.sv
hwpe_stream_tcdm_fifo_load_sidech.sv
hwpe_stream_tcdm_fifo_load.sv
hwpe_stream_tcdm_fifo_store.sv
hwpe_stream_tcdm_fifo.sv
hwpe_stream_tcdm_mux_static.sv
hwpe_stream_tcdm_mux.sv
hwpe_stream_tcdm_reorder_static.sv
hwpe_stream_tcdm_reorder.sv
tb_hwpe_stream_addressgen_v2.sv
tb_dummy_memory.sv
tb_hwpe_stream_receiver.sv
tb_hwpe_stream_reservoir.sv
tb_hwpe_stream_sink_realign.sv
tb_hwpe_stream_source_realign_decoupled.sv
tb_hwpe_stream_source_realign.sv
