

================================================================
== Vivado HLS Report for 'traffic_gen'
================================================================
* Date:           Sun Nov 14 19:57:36 2021

* Version:        2019.2.1 (Build 2724168 on Thu Dec 05 05:19:09 MST 2019)
* Project:        proj_traffic_gen
* Solution:       solution1
* Product family: zynquplus
* Target device:  xczu9eg-ffvb1156-2-e


================================================================
== Performance Estimates
================================================================
+ Timing: 
    * Summary: 
    +--------+---------+----------+------------+
    |  Clock |  Target | Estimated| Uncertainty|
    +--------+---------+----------+------------+
    |ap_clk  | 6.66 ns | 1.237 ns |   0.83 ns  |
    +--------+---------+----------+------------+

+ Latency: 
    * Summary: 
    +---------+---------+-----------+-----------+-----+------+---------+
    |  Latency (cycles) |   Latency (absolute)  |  Interval  | Pipeline|
    |   min   |   max   |    min    |    max    | min |  max |   Type  |
    +---------+---------+-----------+-----------+-----+------+---------+
    |        7|     2165| 46.620 ns | 14.419 us |    7|  2165|   none  |
    +---------+---------+-----------+-----------+-----+------+---------+

    + Detail: 
        * Instance: 
        +------------------------+--------------+---------+---------+-----------+-----------+-----+------+---------+
        |                        |              |  Latency (cycles) |   Latency (absolute)  |  Interval  | Pipeline|
        |        Instance        |    Module    |   min   |   max   |    min    |    max    | min |  max |   Type  |
        +------------------------+--------------+---------+---------+-----------+-----------+-----+------+---------+
        |grp_generate_req_fu_36  |generate_req  |        4|     2162| 26.640 ns | 14.399 us |    4|  2162|   none  |
        +------------------------+--------------+---------+---------+-----------+-----------+-----+------+---------+

        * Loop: 
        N/A



================================================================
== Utilization Estimates
================================================================
* Summary: 
+-----------------+---------+-------+--------+--------+-----+
|       Name      | BRAM_18K| DSP48E|   FF   |   LUT  | URAM|
+-----------------+---------+-------+--------+--------+-----+
|DSP              |        -|      -|       -|       -|    -|
|Expression       |        -|      -|       0|       2|    -|
|FIFO             |        -|      -|       -|       -|    -|
|Instance         |        4|      -|      41|     171|    0|
|Memory           |        -|      -|       -|       -|    -|
|Multiplexer      |        -|      -|       -|      36|    -|
|Register         |        -|      -|       5|       -|    -|
+-----------------+---------+-------+--------+--------+-----+
|Total            |        4|      0|      46|     209|    0|
+-----------------+---------+-------+--------+--------+-----+
|Available        |     1824|   2520|  548160|  274080|    0|
+-----------------+---------+-------+--------+--------+-----+
|Utilization (%)  |    ~0   |      0|   ~0   |   ~0   |    0|
+-----------------+---------+-------+--------+--------+-----+

+ Detail: 
    * Instance: 
    +------------------------+--------------+---------+-------+----+-----+-----+
    |        Instance        |    Module    | BRAM_18K| DSP48E| FF | LUT | URAM|
    +------------------------+--------------+---------+-------+----+-----+-----+
    |grp_generate_req_fu_36  |generate_req  |        4|      0|  41|  171|    0|
    +------------------------+--------------+---------+-------+----+-----+-----+
    |Total                   |              |        4|      0|  41|  171|    0|
    +------------------------+--------------+---------+-------+----+-----+-----+

    * DSP48E: 
    N/A

    * Memory: 
    N/A

    * FIFO: 
    N/A

    * Expression: 
    +--------------------------------------------+----------+-------+---+----+------------+------------+
    |                Variable Name               | Operation| DSP48E| FF| LUT| Bitwidth P0| Bitwidth P1|
    +--------------------------------------------+----------+-------+---+----+------------+------------+
    |grp_generate_req_fu_36_stream_out_V_TREADY  |    and   |      0|  0|   2|           1|           1|
    +--------------------------------------------+----------+-------+---+----+------------+------------+
    |Total                                       |          |      0|  0|   2|           1|           1|
    +--------------------------------------------+----------+-------+---+----+------------+------------+

    * Multiplexer: 
    +------------------------+----+-----------+-----+-----------+
    |          Name          | LUT| Input Size| Bits| Total Bits|
    +------------------------+----+-----------+-----+-----------+
    |ap_NS_fsm               |  27|          5|    1|          5|
    |stream_in_V_TREADY_int  |   9|          2|    1|          2|
    +------------------------+----+-----------+-----+-----------+
    |Total                   |  36|          7|    2|          7|
    +------------------------+----+-----------+-----+-----------+

    * Register: 
    +-------------------------------------+---+----+-----+-----------+
    |                 Name                | FF| LUT| Bits| Const Bits|
    +-------------------------------------+---+----+-----+-----------+
    |ap_CS_fsm                            |  4|   0|    4|          0|
    |grp_generate_req_fu_36_ap_start_reg  |  1|   0|    1|          0|
    +-------------------------------------+---+----+-----+-----------+
    |Total                                |  5|   0|    5|          0|
    +-------------------------------------+---+----+-----+-----------+



================================================================
== Interface
================================================================
* Summary: 
+---------------------+-----+-----+------------+--------------+--------------+
|      RTL Ports      | Dir | Bits|  Protocol  | Source Object|    C Type    |
+---------------------+-----+-----+------------+--------------+--------------+
|ap_clk               |  in |    1| ap_ctrl_hs |  traffic_gen | return value |
|ap_rst_n             |  in |    1| ap_ctrl_hs |  traffic_gen | return value |
|ap_start             |  in |    1| ap_ctrl_hs |  traffic_gen | return value |
|ap_done              | out |    1| ap_ctrl_hs |  traffic_gen | return value |
|ap_idle              | out |    1| ap_ctrl_hs |  traffic_gen | return value |
|ap_ready             | out |    1| ap_ctrl_hs |  traffic_gen | return value |
|stream_in_V_TDATA    |  in |   32|    axis    |  stream_in_V |    pointer   |
|stream_in_V_TVALID   |  in |    1|    axis    |  stream_in_V |    pointer   |
|stream_in_V_TREADY   | out |    1|    axis    |  stream_in_V |    pointer   |
|stream_out_V_TDATA   | out |   32|    axis    | stream_out_V |    pointer   |
|stream_out_V_TVALID  | out |    1|    axis    | stream_out_V |    pointer   |
|stream_out_V_TREADY  |  in |    1|    axis    | stream_out_V |    pointer   |
|n_trans              |  in |   32|   ap_none  |    n_trans   |    scalar    |
|prob_req             |  in |   32|   ap_none  |   prob_req   |    scalar    |
+---------------------+-----+-----+------------+--------------+--------------+

============================================================
+ Verbose Summary: Synthesis Manager
============================================================
InlineROM: 1
ExposeGlobal: 0
============================================================
+ Verbose Summary: CDFG Model
============================================================
IsTopModel: 1
ResetActiveHigh: 1
IsCombinational: 2
IsDatapathOnly: 2
HasWiredReturn: 1
HasMFsm: 0
HasVarLatency: 1
IsPipeline: 0
IsRtlPipelined: 0
IsInstanceOverlapped: 0
IsDontTouch: 0
HasImplIP: 0
IsGatedGlobalClock: 0


============================================================
+ Verbose Summary: Schedule
============================================================
* Number of FSM states : 4
* Pipeline : 0
* Dataflow Pipeline: 0

* FSM state transitions: 
1 --> 2 
2 --> 3 
3 --> 4 
4 --> 

* FSM state operations: 

State 1 <SV = 0> <Delay = 0.00>

State 2 <SV = 1> <Delay = 1.23>
ST_2 : Operation 5 [1/1] (0.00ns)   --->   "%n_trans_read = call i32 @_ssdm_op_Read.ap_auto.i32(i32 %n_trans)" [src/traffic_gen.cpp:55]   --->   Operation 5 'read' 'n_trans_read' <Predicate = true> <Delay = 0.00>
ST_2 : Operation 6 [2/2] (1.23ns)   --->   "call fastcc void @generate_req(i32* %stream_in_V, i32* %stream_out_V, i32 %n_trans_read)" [src/traffic_gen.cpp:70]   --->   Operation 6 'call' <Predicate = true> <Delay = 1.23> <CoreType = "Generic">   --->   Core 0 '' <Latency = 0> <II = 1> <Delay = 1.00> <Generic> <Opcode : >

State 3 <SV = 2> <Delay = 1.23>
ST_3 : Operation 7 [1/2] (1.23ns)   --->   "call fastcc void @generate_req(i32* %stream_in_V, i32* %stream_out_V, i32 %n_trans_read)" [src/traffic_gen.cpp:70]   --->   Operation 7 'call' <Predicate = true> <Delay = 1.23> <CoreType = "Generic">   --->   Core 0 '' <Latency = 0> <II = 1> <Delay = 1.00> <Generic> <Opcode : >

State 4 <SV = 3> <Delay = 0.00>
ST_4 : Operation 8 [1/1] (0.00ns)   --->   "call void (...)* @_ssdm_op_SpecBitsMap(i32* %stream_in_V), !map !30"   --->   Operation 8 'specbitsmap' <Predicate = true> <Delay = 0.00>
ST_4 : Operation 9 [1/1] (0.00ns)   --->   "call void (...)* @_ssdm_op_SpecBitsMap(i32* %stream_out_V), !map !34"   --->   Operation 9 'specbitsmap' <Predicate = true> <Delay = 0.00>
ST_4 : Operation 10 [1/1] (0.00ns)   --->   "call void (...)* @_ssdm_op_SpecBitsMap(i32 %n_trans), !map !38"   --->   Operation 10 'specbitsmap' <Predicate = true> <Delay = 0.00>
ST_4 : Operation 11 [1/1] (0.00ns)   --->   "call void (...)* @_ssdm_op_SpecBitsMap(i32 %prob_req), !map !44"   --->   Operation 11 'specbitsmap' <Predicate = true> <Delay = 0.00>
ST_4 : Operation 12 [1/1] (0.00ns)   --->   "call void (...)* @_ssdm_op_SpecTopModule([12 x i8]* @traffic_gen_str) nounwind"   --->   Operation 12 'spectopmodule' <Predicate = true> <Delay = 0.00>
ST_4 : Operation 13 [1/1] (0.00ns)   --->   "call void (...)* @_ssdm_op_SpecInterface(i32* %stream_in_V, [5 x i8]* @p_str, i32 1, i32 1, [5 x i8]* @p_str1, i32 0, i32 0, [1 x i8]* @p_str2, [1 x i8]* @p_str2, [1 x i8]* @p_str2, i32 0, i32 0, i32 0, i32 0, [1 x i8]* @p_str2, [1 x i8]* @p_str2) nounwind" [src/traffic_gen.cpp:67]   --->   Operation 13 'specinterface' <Predicate = true> <Delay = 0.00>
ST_4 : Operation 14 [1/1] (0.00ns)   --->   "call void (...)* @_ssdm_op_SpecInterface(i32* %stream_out_V, [5 x i8]* @p_str, i32 1, i32 1, [5 x i8]* @p_str1, i32 0, i32 0, [1 x i8]* @p_str2, [1 x i8]* @p_str2, [1 x i8]* @p_str2, i32 0, i32 0, i32 0, i32 0, [1 x i8]* @p_str2, [1 x i8]* @p_str2) nounwind" [src/traffic_gen.cpp:68]   --->   Operation 14 'specinterface' <Predicate = true> <Delay = 0.00>
ST_4 : Operation 15 [1/1] (0.00ns)   --->   "ret void" [src/traffic_gen.cpp:76]   --->   Operation 15 'ret' <Predicate = true> <Delay = 0.00>


============================================================
+ Verbose Summary: Binding
============================================================
STG Binding: 
---------------- STG Properties BEGIN ----------------
- Is combinational: 0
- Is one-state seq: 0
- Is datapath-only: 0
- Is pipelined: 0
- Is top level: 1
Port [ Return ] is wired: 1; IO mode=ap_ctrl_hs:ce=0
Port [ stream_in_V]:  wired=1; compound=1; hidden=0; nouse=0; global=0; static=0; extern=0; dir=0; type=0; pingpong=0; private_global=0; IO mode=axis:ce=0
Port [ stream_out_V]:  wired=1; compound=1; hidden=0; nouse=0; global=0; static=0; extern=0; dir=1; type=0; pingpong=0; private_global=0; IO mode=axis:ce=0
Port [ n_trans]:  wired=1; compound=0; hidden=0; nouse=0; global=0; static=0; extern=0; dir=0; type=0; pingpong=0; private_global=0; IO mode=ap_none:ce=0
Port [ prob_req]:  wired=1; compound=0; hidden=0; nouse=1; global=0; static=0; extern=0; dir=0; type=0; pingpong=0; private_global=0; IO mode=ap_none:ce=0
---------------- STG Properties END ------------------

---------------- Datapath Model BEGIN ----------------

<LifeTime>
<method=bitvector/>
n_trans_read       (read         ) [ 00010]
call_ln70          (call         ) [ 00000]
specbitsmap_ln0    (specbitsmap  ) [ 00000]
specbitsmap_ln0    (specbitsmap  ) [ 00000]
specbitsmap_ln0    (specbitsmap  ) [ 00000]
specbitsmap_ln0    (specbitsmap  ) [ 00000]
spectopmodule_ln0  (spectopmodule) [ 00000]
specinterface_ln67 (specinterface) [ 00000]
specinterface_ln68 (specinterface) [ 00000]
ret_ln76           (ret          ) [ 00000]
</LifeTime>

<model>

<comp_list>
<comp id="0" class="1000" name="stream_in_V">
<pin_list>
<pin id="1" dir="1" index="0" bw="1" slack="0"/>
</pin_list>
<bind>
<StgValue><ssdm name="stream_in_V"/></StgValue>
</bind>
</comp>

<comp id="2" class="1000" name="stream_out_V">
<pin_list>
<pin id="3" dir="1" index="0" bw="1" slack="0"/>
</pin_list>
<bind>
<StgValue><ssdm name="stream_out_V"/></StgValue>
</bind>
</comp>

<comp id="4" class="1000" name="n_trans">
<pin_list>
<pin id="5" dir="1" index="0" bw="1" slack="0"/>
</pin_list>
<bind>
<StgValue><ssdm name="n_trans"/></StgValue>
</bind>
</comp>

<comp id="6" class="1000" name="prob_req">
<pin_list>
<pin id="7" dir="1" index="0" bw="1" slack="2147483647"/>
</pin_list>
<bind>
<StgValue><ssdm name="prob_req"/></StgValue>
</bind>
</comp>

<comp id="8" class="1001" name="const_8">
<pin_list>
<pin id="9" dir="1" index="0" bw="1" slack="0"/>
</pin_list>
<bind>
<StgValue><ssdm name="_ssdm_op_Read.ap_auto.i32"/></StgValue>
</bind>
</comp>

<comp id="10" class="1001" name="const_10">
<pin_list>
<pin id="11" dir="1" index="0" bw="1" slack="0"/>
</pin_list>
<bind>
<StgValue><ssdm name="generate_req"/></StgValue>
</bind>
</comp>

<comp id="12" class="1001" name="const_12">
<pin_list>
<pin id="13" dir="1" index="0" bw="1" slack="2147483647"/>
</pin_list>
<bind>
<StgValue><ssdm name="_ssdm_op_SpecBitsMap"/></StgValue>
</bind>
</comp>

<comp id="14" class="1001" name="const_14">
<pin_list>
<pin id="15" dir="1" index="0" bw="1" slack="2147483647"/>
</pin_list>
<bind>
<StgValue><ssdm name="_ssdm_op_SpecTopModule"/></StgValue>
</bind>
</comp>

<comp id="16" class="1001" name="const_16">
<pin_list>
<pin id="17" dir="1" index="0" bw="1" slack="2147483647"/>
</pin_list>
<bind>
<StgValue><ssdm name="traffic_gen_str"/></StgValue>
</bind>
</comp>

<comp id="18" class="1001" name="const_18">
<pin_list>
<pin id="19" dir="1" index="0" bw="1" slack="2147483647"/>
</pin_list>
<bind>
<StgValue><ssdm name="_ssdm_op_SpecInterface"/></StgValue>
</bind>
</comp>

<comp id="20" class="1001" name="const_20">
<pin_list>
<pin id="21" dir="1" index="0" bw="1" slack="2147483647"/>
</pin_list>
<bind>
<StgValue><ssdm name="p_str"/></StgValue>
</bind>
</comp>

<comp id="22" class="1001" name="const_22">
<pin_list>
<pin id="23" dir="1" index="0" bw="1" slack="2147483647"/>
</pin_list>
<bind>
<StgValue><ssdm name=""/></StgValue>
</bind>
</comp>

<comp id="24" class="1001" name="const_24">
<pin_list>
<pin id="25" dir="1" index="0" bw="1" slack="2147483647"/>
</pin_list>
<bind>
<StgValue><ssdm name="p_str1"/></StgValue>
</bind>
</comp>

<comp id="26" class="1001" name="const_26">
<pin_list>
<pin id="27" dir="1" index="0" bw="1" slack="2147483647"/>
</pin_list>
<bind>
<StgValue><ssdm name=""/></StgValue>
</bind>
</comp>

<comp id="28" class="1001" name="const_28">
<pin_list>
<pin id="29" dir="1" index="0" bw="1" slack="2147483647"/>
</pin_list>
<bind>
<StgValue><ssdm name="p_str2"/></StgValue>
</bind>
</comp>

<comp id="30" class="1004" name="n_trans_read_read_fu_30">
<pin_list>
<pin id="31" dir="0" index="0" bw="32" slack="0"/>
<pin id="32" dir="0" index="1" bw="32" slack="0"/>
<pin id="33" dir="1" index="2" bw="32" slack="0"/>
</pin_list>
<bind>
<opcode="read(1150) " fcode="read"/>
<opset="n_trans_read/2 "/>
</bind>
</comp>

<comp id="36" class="1004" name="grp_generate_req_fu_36">
<pin_list>
<pin id="37" dir="0" index="0" bw="0" slack="0"/>
<pin id="38" dir="0" index="1" bw="32" slack="0"/>
<pin id="39" dir="0" index="2" bw="32" slack="0"/>
<pin id="40" dir="0" index="3" bw="32" slack="0"/>
<pin id="41" dir="1" index="4" bw="0" slack="2147483647"/>
</pin_list>
<bind>
<opcode="call(48) " fcode="call"/>
<opset="call_ln70/2 "/>
</bind>
</comp>

<comp id="46" class="1005" name="n_trans_read_reg_46">
<pin_list>
<pin id="47" dir="0" index="0" bw="32" slack="1"/>
<pin id="48" dir="1" index="1" bw="32" slack="1"/>
</pin_list>
<bind>
<opset="n_trans_read "/>
</bind>
</comp>

</comp_list>

<net_list>
<net id="34"><net_src comp="8" pin="0"/><net_sink comp="30" pin=0"/></net>

<net id="35"><net_src comp="4" pin="0"/><net_sink comp="30" pin=1"/></net>

<net id="42"><net_src comp="10" pin="0"/><net_sink comp="36" pin=0"/></net>

<net id="43"><net_src comp="0" pin="0"/><net_sink comp="36" pin=1"/></net>

<net id="44"><net_src comp="2" pin="0"/><net_sink comp="36" pin=2"/></net>

<net id="45"><net_src comp="30" pin="2"/><net_sink comp="36" pin=3"/></net>

<net id="49"><net_src comp="30" pin="2"/><net_sink comp="46" pin=0"/></net>

<net id="50"><net_src comp="46" pin="1"/><net_sink comp="36" pin=3"/></net>

</net_list>

</model> 
---------------- Datapath Model END ------------------

* FSMD analyzer results:
  - Output states:
	Port: stream_out_V | {2 3 }
 - Input state : 
	Port: traffic_gen : stream_in_V | {2 3 }
	Port: traffic_gen : n_trans | {2 }
  - Chain level:
	State 1
	State 2
	State 3
	State 4


============================================================
+ Verbose Summary: Datapath Resource usage 
============================================================

* Functional unit list:
|----------|-------------------------|---------|---------|---------|---------|---------|
| Operation|     Functional Unit     |   BRAM  |  Delay  |    FF   |   LUT   |   URAM  |
|----------|-------------------------|---------|---------|---------|---------|---------|
|   call   |  grp_generate_req_fu_36 |    4    | 0.67475 |    67   |    77   |    0    |
|----------|-------------------------|---------|---------|---------|---------|---------|
|   read   | n_trans_read_read_fu_30 |    0    |    0    |    0    |    0    |    0    |
|----------|-------------------------|---------|---------|---------|---------|---------|
|   Total  |                         |    4    | 0.67475 |    67   |    77   |    0    |
|----------|-------------------------|---------|---------|---------|---------|---------|

Memories:
N/A

* Register list:
+-------------------+--------+
|                   |   FF   |
+-------------------+--------+
|n_trans_read_reg_46|   32   |
+-------------------+--------+
|       Total       |   32   |
+-------------------+--------+

* Multiplexer (MUX) list: 
|------------------------|------|------|------|--------||---------||---------|
|          Comp          |  Pin | Size |  BW  | S x BW ||  Delay  ||   LUT   |
|------------------------|------|------|------|--------||---------||---------|
| grp_generate_req_fu_36 |  p3  |   2  |  32  |   64   ||    9    |
|------------------------|------|------|------|--------||---------||---------|
|          Total         |      |      |      |   64   ||  0.656  ||    9    |
|------------------------|------|------|------|--------||---------||---------|



* Summary:
+-----------+--------+--------+--------+--------+--------+
|           |  BRAM  |  Delay |   FF   |   LUT  |  URAM  |
+-----------+--------+--------+--------+--------+--------+
|  Function |    4   |    0   |   67   |   77   |    0   |
|   Memory  |    -   |    -   |    -   |    -   |    -   |
|Multiplexer|    -   |    0   |    -   |    9   |    -   |
|  Register |    -   |    -   |   32   |    -   |    -   |
+-----------+--------+--------+--------+--------+--------+
|   Total   |    4   |    1   |   99   |   86   |    0   |
+-----------+--------+--------+--------+--------+--------+
