

================================================================
== Vivado HLS Report for 'fir'
================================================================
* Date:           Tue Nov  9 10:54:10 2021

* Version:        2019.2.1 (Build 2724168 on Thu Dec 05 05:19:09 MST 2019)
* Project:        proj_fir
* Solution:       solution1
* Product family: virtexuplus
* Target device:  xcvu9p-flga2104-2-i


================================================================
== Performance Estimates
================================================================
+ Timing: 
    * Summary: 
    +--------+---------+----------+------------+
    |  Clock |  Target | Estimated| Uncertainty|
    +--------+---------+----------+------------+
    |ap_clk  | 3.00 ns | 2.291 ns |   0.38 ns  |
    +--------+---------+----------+------------+

+ Latency: 
    * Summary: 
    +---------+---------+----------+----------+-----+-----+----------+
    |  Latency (cycles) |  Latency (absolute) |  Interval | Pipeline |
    |   min   |   max   |    min   |    max   | min | max |   Type   |
    +---------+---------+----------+----------+-----+-----+----------+
    |        3|        3| 9.000 ns | 9.000 ns |    4|    4| function |
    +---------+---------+----------+----------+-----+-----+----------+

    + Detail: 
        * Instance: 
        +-------------------+--------+---------+---------+----------+----------+-----+-----+----------+
        |                   |        |  Latency (cycles) |  Latency (absolute) |  Interval | Pipeline |
        |      Instance     | Module |   min   |   max   |    min   |    max   | min | max |   Type   |
        +-------------------+--------+---------+---------+----------+----------+-----+-----+----------+
        |grp_exec_1_fu_105  |exec_1  |        1|        1| 3.000 ns | 3.000 ns |    2|    2| function |
        +-------------------+--------+---------+---------+----------+----------+-----+-----+----------+

        * Loop: 
        N/A



================================================================
== Utilization Estimates
================================================================
* Summary: 
+---------------------+---------+-------+---------+---------+-----+
|         Name        | BRAM_18K| DSP48E|    FF   |   LUT   | URAM|
+---------------------+---------+-------+---------+---------+-----+
|DSP                  |        -|      -|        -|        -|    -|
|Expression           |        -|      -|        0|       96|    -|
|FIFO                 |        -|      -|        -|        -|    -|
|Instance             |        -|     12|      822|      220|    -|
|Memory               |        -|      -|        -|        -|    -|
|Multiplexer          |        -|      -|        -|       54|    -|
|Register             |        -|      -|      485|        -|    -|
+---------------------+---------+-------+---------+---------+-----+
|Total                |        0|     12|     1307|      370|    0|
+---------------------+---------+-------+---------+---------+-----+
|Available SLR        |     1440|   2280|   788160|   394080|  320|
+---------------------+---------+-------+---------+---------+-----+
|Utilization SLR (%)  |        0|   ~0  |    ~0   |    ~0   |    0|
+---------------------+---------+-------+---------+---------+-----+
|Available            |     4320|   6840|  2364480|  1182240|  960|
+---------------------+---------+-------+---------+---------+-----+
|Utilization (%)      |        0|   ~0  |    ~0   |    ~0   |    0|
+---------------------+---------+-------+---------+---------+-----+

+ Detail: 
    * Instance: 
    +-------------------------+----------------------+---------+-------+-----+----+-----+
    |         Instance        |        Module        | BRAM_18K| DSP48E|  FF | LUT| URAM|
    +-------------------------+----------------------+---------+-------+-----+----+-----+
    |grp_exec_1_fu_105        |exec_1                |        0|      3|  327|  73|    0|
    |fir_mul_32s_32s_3bkb_U5  |fir_mul_32s_32s_3bkb  |        0|      3|  165|  49|    0|
    |fir_mul_32s_32s_3bkb_U6  |fir_mul_32s_32s_3bkb  |        0|      3|  165|  49|    0|
    |fir_mul_32s_32s_3bkb_U7  |fir_mul_32s_32s_3bkb  |        0|      3|  165|  49|    0|
    +-------------------------+----------------------+---------+-------+-----+----+-----+
    |Total                    |                      |        0|     12|  822| 220|    0|
    +-------------------------+----------------------+---------+-------+-----+----+-----+

    * DSP48E: 
    N/A

    * Memory: 
    N/A

    * FIFO: 
    N/A

    * Expression: 
    +----------------------+----------+-------+---+----+------------+------------+
    |     Variable Name    | Operation| DSP48E| FF| LUT| Bitwidth P0| Bitwidth P1|
    +----------------------+----------+-------+---+----+------------+------------+
    |add_ln68_1_fu_213_p2  |     +    |      0|  0|  32|          32|          32|
    |add_ln68_2_fu_248_p2  |     +    |      0|  0|  32|          32|          32|
    |add_ln68_fu_176_p2    |     +    |      0|  0|  32|          32|          32|
    +----------------------+----------+-------+---+----+------------+------------+
    |Total                 |          |      0|  0|  96|          96|          96|
    +----------------------+----------+-------+---+----+------------+------------+

    * Multiplexer: 
    +-----------------+----+-----------+-----+-----------+
    |       Name      | LUT| Input Size| Bits| Total Bits|
    +-----------------+----+-----------+-----+-----------+
    |ap_NS_fsm        |  27|          5|    1|          5|
    |x_V_TDATA_blk_n  |   9|          2|    1|          2|
    |x_V_TREADY_int   |   9|          2|    1|          2|
    |y_V_TDATA_blk_n  |   9|          2|    1|          2|
    +-----------------+----+-----------+-----+-----------+
    |Total            |  54|         11|    4|         11|
    +-----------------+----+-----------+-----+-----------+

    * Register: 
    +--------------------------------+----+----+-----+-----------+
    |              Name              | FF | LUT| Bits| Const Bits|
    +--------------------------------+----+----+-----+-----------+
    |ap_CS_fsm                       |   4|   0|    4|          0|
    |grp_exec_1_fu_105_ap_start_reg  |   1|   0|    1|          0|
    |mul_ln68_reg_294                |  32|   0|   32|          0|
    |s_x1_V_1                        |  32|   0|   32|          0|
    |s_x1_V_1_load_reg_283           |  32|   0|   32|          0|
    |s_x1_V_2                        |  32|   0|   32|          0|
    |s_x1_V_2_load_reg_299           |  32|   0|   32|          0|
    |s_x1_V_3                        |  32|   0|   32|          0|
    |s_x_V_1                         |  32|   0|   32|          0|
    |s_x_V_2                         |  32|   0|   32|          0|
    |s_x_V_3                         |  32|   0|   32|          0|
    |s_y0_V_1                        |  32|   0|   32|          0|
    |s_y0_V_2                        |  32|   0|   32|          0|
    |s_y0_V_3                        |  32|   0|   32|          0|
    |s_y1_V_1                        |  32|   0|   32|          0|
    |s_y1_V_2                        |  32|   0|   32|          0|
    |s_y1_V_3                        |  32|   0|   32|          0|
    +--------------------------------+----+----+-----+-----------+
    |Total                           | 485|   0|  485|          0|
    +--------------------------------+----+----+-----+-----------+



================================================================
== Interface
================================================================
* Summary: 
+------------+-----+-----+--------------+--------------+--------------+
|  RTL Ports | Dir | Bits|   Protocol   | Source Object|    C Type    |
+------------+-----+-----+--------------+--------------+--------------+
|ap_clk      |  in |    1| ap_ctrl_none |      fir     | return value |
|ap_rst_n    |  in |    1| ap_ctrl_none |      fir     | return value |
|x_V_TDATA   |  in |   32|     axis     |      x_V     |    pointer   |
|x_V_TVALID  |  in |    1|     axis     |      x_V     |    pointer   |
|x_V_TREADY  | out |    1|     axis     |      x_V     |    pointer   |
|coeff_0_V   |  in |   32|    ap_none   |   coeff_0_V  |    pointer   |
|coeff_1_V   |  in |   32|    ap_none   |   coeff_1_V  |    pointer   |
|coeff_2_V   |  in |   32|    ap_none   |   coeff_2_V  |    pointer   |
|coeff_3_V   |  in |   32|    ap_none   |   coeff_3_V  |    pointer   |
|y_V_TDATA   | out |   32|     axis     |      y_V     |    pointer   |
|y_V_TVALID  | out |    1|     axis     |      y_V     |    pointer   |
|y_V_TREADY  |  in |    1|     axis     |      y_V     |    pointer   |
+------------+-----+-----+--------------+--------------+--------------+

